[     427ms] [WARNING] Error with Permissions-Policy header: Unrecognized feature: 'document-domain'. @ :0
[    1073ms] [ERROR] Failed to load resource: the server responded with a status of 404 () @ https://easttennessee.iiba.org/Discussion/DisplayByTheme:0
[    3633ms] [WARNING] Error with Permissions-Policy header: Unrecognized feature: 'document-domain'. @ :0
[    5594ms] [WARNING] Error with Permissions-Policy header: Unrecognized feature: 'document-domain'. @ :0
[    7402ms] [WARNING] Error with Permissions-Policy header: Unrecognized feature: 'document-domain'. @ :0
[    7624ms] [ERROR] Failed to load resource: the server responded with a status of 404 () @ https://easttennessee.iiba.org/Discussion/DisplayByTheme:0
[   10573ms] [WARNING] Error with Permissions-Policy header: Unrecognized feature: 'document-domain'. @ :0
[   10781ms] [ERROR] Failed to load resource: the server responded with a status of 404 () @ https://easttennessee.iiba.org/Discussion/DisplayByTheme:0
[   12568ms] [WARNING] Error with Permissions-Policy header: Unrecognized feature: 'document-domain'. @ :0
[   12750ms] [ERROR] Failed to load resource: the server responded with a status of 404 () @ https://easttennessee.iiba.org/Discussion/DisplayByTheme:0
[   14755ms] [WARNING] Error with Permissions-Policy header: Unrecognized feature: 'document-domain'. @ :0
[   14919ms] [ERROR] Failed to load resource: the server responded with a status of 404 () @ https://easttennessee.iiba.org/Discussion/DisplayByTheme:0
[   97050ms] [WARNING] Error with Permissions-Policy header: Unrecognized feature: 'document-domain'. @ :0
[   97238ms] [ERROR] Failed to load resource: the server responded with a status of 404 () @ https://easttennessee.iiba.org/Discussion/DisplayByTheme:0
[   99501ms] [WARNING] Error with Permissions-Policy header: Unrecognized feature: 'document-domain'. @ :0
[  101819ms] [WARNING] Error with Permissions-Policy header: Unrecognized feature: 'document-domain'. @ :0
[  104187ms] [WARNING] Error with Permissions-Policy header: Unrecognized feature: 'document-domain'. @ :0
[  104387ms] [ERROR] Failed to load resource: the server responded with a status of 404 () @ https://easttennessee.iiba.org/Discussion/DisplayByTheme:0
[  107513ms] [WARNING] Error with Permissions-Policy header: Unrecognized feature: 'document-domain'. @ :0
[  107740ms] [ERROR] Failed to load resource: the server responded with a status of 404 () @ https://easttennessee.iiba.org/Discussion/DisplayByTheme:0
[  109959ms] [WARNING] Error with Permissions-Policy header: Unrecognized feature: 'document-domain'. @ :0
[  110169ms] [ERROR] Failed to load resource: the server responded with a status of 404 () @ https://easttennessee.iiba.org/Discussion/DisplayByTheme:0
[  112379ms] [WARNING] Error with Permissions-Policy header: Unrecognized feature: 'document-domain'. @ :0
[  112573ms] [ERROR] Failed to load resource: the server responded with a status of 404 () @ https://easttennessee.iiba.org/Discussion/DisplayByTheme:0
